[debug] [2024-03-11T01:08:50.875Z] ----------------------------------------------------------------------
[debug] [2024-03-11T01:08:50.877Z] Command:       C:\Program Files\nodejs\node.exe C:\Users\priti\AppData\Roaming\npm\node_modules\firebase-tools\lib\bin\firebase.js init
[debug] [2024-03-11T01:08:50.877Z] CLI Version:   13.4.1
[debug] [2024-03-11T01:08:50.877Z] Platform:      win32
[debug] [2024-03-11T01:08:50.877Z] Node Version:  v20.11.1
[debug] [2024-03-11T01:08:50.877Z] Time:          Sun Mar 10 2024 20:08:50 GMT-0500 (Central Daylight Time)
[debug] [2024-03-11T01:08:50.877Z] ----------------------------------------------------------------------
[debug] 
[debug] [2024-03-11T01:08:50.882Z] > command requires scopes: ["email","openid","https://www.googleapis.com/auth/cloudplatformprojects.readonly","https://www.googleapis.com/auth/firebase","https://www.googleapis.com/auth/cloud-platform"]
[debug] [2024-03-11T01:08:50.883Z] > authorizing via signed-in user (pritika.aggarwal@gmail.com)
[info] 
     ######## #### ########  ######## ########     ###     ######  ########
     ##        ##  ##     ## ##       ##     ##  ##   ##  ##       ##
     ######    ##  ########  ######   ########  #########  ######  ######
     ##        ##  ##    ##  ##       ##     ## ##     ##       ## ##
     ##       #### ##     ## ######## ########  ##     ##  ######  ########

You're about to initialize a Firebase project in this directory:

  C:\Users\priti\circle-sync

[debug] [2024-03-11T01:11:06.182Z] ----------------------------------------------------------------------
[debug] [2024-03-11T01:11:06.184Z] Command:       C:\Program Files\nodejs\node.exe C:\Users\priti\AppData\Roaming\npm\node_modules\firebase-tools\lib\bin\firebase.js init
[debug] [2024-03-11T01:11:06.185Z] CLI Version:   13.4.1
[debug] [2024-03-11T01:11:06.185Z] Platform:      win32
[debug] [2024-03-11T01:11:06.185Z] Node Version:  v20.11.1
[debug] [2024-03-11T01:11:06.185Z] Time:          Sun Mar 10 2024 20:11:06 GMT-0500 (Central Daylight Time)
[debug] [2024-03-11T01:11:06.185Z] ----------------------------------------------------------------------
[debug] 
[debug] [2024-03-11T01:11:06.191Z] > command requires scopes: ["email","openid","https://www.googleapis.com/auth/cloudplatformprojects.readonly","https://www.googleapis.com/auth/firebase","https://www.googleapis.com/auth/cloud-platform"]
[debug] [2024-03-11T01:11:06.191Z] > authorizing via signed-in user (pritika.aggarwal@gmail.com)
[info] 
     ######## #### ########  ######## ########     ###     ######  ########
     ##        ##  ##     ## ##       ##     ##  ##   ##  ##       ##
     ######    ##  ########  ######   ########  #########  ######  ######
     ##        ##  ##    ##  ##       ##     ## ##     ##       ## ##
     ##       #### ##     ## ######## ########  ##     ##  ######  ########

You're about to initialize a Firebase project in this directory:

  C:\Users\priti\circle-sync

[info] 
=== Project Setup
[info] 
[info] First, let's associate this project directory with a Firebase project.
[info] You can create multiple project aliases by running firebase use --add, 
[info] but for now we'll just set up a default project.
[info] 
[debug] [2024-03-11T01:12:59.110Z] >>> [apiv2][query] GET https://firebase.googleapis.com/v1beta1/projects pageSize=100
[debug] [2024-03-11T01:12:59.430Z] <<< [apiv2][status] GET https://firebase.googleapis.com/v1beta1/projects 200
[debug] [2024-03-11T01:12:59.430Z] <<< [apiv2][body] GET https://firebase.googleapis.com/v1beta1/projects [omitted]
[info] i  Using project bomps-c4d9a (Bomps) 
[info] 
=== Firestore Setup
[debug] [2024-03-11T01:13:06.200Z] >>> [apiv2][query] GET https://serviceusage.googleapis.com/v1/projects/bomps-c4d9a/services/firestore.googleapis.com [none]
[debug] [2024-03-11T01:13:06.200Z] >>> [apiv2][(partial)header] GET https://serviceusage.googleapis.com/v1/projects/bomps-c4d9a/services/firestore.googleapis.com x-goog-quota-user=projects/bomps-c4d9a
[debug] [2024-03-11T01:13:06.659Z] <<< [apiv2][status] GET https://serviceusage.googleapis.com/v1/projects/bomps-c4d9a/services/firestore.googleapis.com 200
[debug] [2024-03-11T01:13:06.659Z] <<< [apiv2][body] GET https://serviceusage.googleapis.com/v1/projects/bomps-c4d9a/services/firestore.googleapis.com [omitted]
[error] 
[error] Error: It looks like you haven't used Cloud Firestore in this project before. Go to https://console.firebase.google.com/project/bomps-c4d9a/firestore to create your Cloud Firestore database.
